<?xml version="1.0" encoding="UTF-8"?>
<!-- Generated by org.testng.reporters.JUnitXMLReporter -->
<testsuite hostname="DESKTOP-C3O2LMD" ignored="0" name="Default test" tests="4" failures="0" timestamp="27 Apr 2021 10:46:04 GMT" time="59.288" errors="0">
  <testcase name="regPage" time="5.392" classname="com.cjc.dws.test.Tests"/>
  <testcase name="addtocart" time="19.845" classname="com.cjc.dws.test.Tests"/>
  <testcase name="shopcart" time="4.74" classname="com.cjc.dws.test.Tests"/>
  <testcase name="paymentGateway" time="22.572" classname="com.cjc.dws.test.Tests"/>
</testsuite> <!-- Default test -->
