<?xml version="1.0" encoding="UTF-8"?>
<testng-results skipped="0" failed="0" ignored="0" total="4" passed="4">
  <reporter-output>
  </reporter-output>
  <suite name="Default suite" duration-ms="59288" started-at="2021-04-27T10:45:05Z" finished-at="2021-04-27T10:46:04Z">
    <groups>
    </groups>
    <test name="Default test" duration-ms="59288" started-at="2021-04-27T10:45:05Z" finished-at="2021-04-27T10:46:04Z">
      <class name="com.cjc.dws.test.Tests">
        <test-method status="PASS" signature="openBrowser()[pri:0, instance:com.cjc.dws.test.Tests@43ee72e6]" name="openBrowser" is-config="true" duration-ms="8018" started-at="2021-04-27T10:44:57Z" finished-at="2021-04-27T10:45:05Z">
          <reporter-output>
          </reporter-output>
        </test-method> <!-- openBrowser -->
        <test-method status="PASS" signature="openURL()[pri:0, instance:com.cjc.dws.test.Tests@43ee72e6]" name="openURL" is-config="true" duration-ms="6551" started-at="2021-04-27T10:45:05Z" finished-at="2021-04-27T10:45:11Z">
          <reporter-output>
          </reporter-output>
        </test-method> <!-- openURL -->
        <test-method status="PASS" signature="maximize()[pri:0, instance:com.cjc.dws.test.Tests@43ee72e6]" name="maximize" is-config="true" duration-ms="134" started-at="2021-04-27T10:45:11Z" finished-at="2021-04-27T10:45:11Z">
          <reporter-output>
          </reporter-output>
        </test-method> <!-- maximize -->
        <test-method status="PASS" signature="cookies()[pri:0, instance:com.cjc.dws.test.Tests@43ee72e6]" name="cookies" is-config="true" duration-ms="0" started-at="2021-04-27T10:45:11Z" finished-at="2021-04-27T10:45:11Z">
          <reporter-output>
          </reporter-output>
        </test-method> <!-- cookies -->
        <test-method status="PASS" signature="regPage()[pri:-3, instance:com.cjc.dws.test.Tests@43ee72e6]" name="regPage" duration-ms="5392" started-at="2021-04-27T10:45:11Z" finished-at="2021-04-27T10:45:17Z">
          <reporter-output>
          </reporter-output>
        </test-method> <!-- regPage -->
        <test-method status="PASS" signature="cookies()[pri:0, instance:com.cjc.dws.test.Tests@43ee72e6]" name="cookies" is-config="true" duration-ms="1" started-at="2021-04-27T10:45:17Z" finished-at="2021-04-27T10:45:17Z">
          <reporter-output>
          </reporter-output>
        </test-method> <!-- cookies -->
        <test-method status="PASS" signature="addtocart()[pri:-2, instance:com.cjc.dws.test.Tests@43ee72e6]" name="addtocart" duration-ms="19845" started-at="2021-04-27T10:45:17Z" finished-at="2021-04-27T10:45:37Z">
          <reporter-output>
          </reporter-output>
        </test-method> <!-- addtocart -->
        <test-method status="PASS" signature="cookies()[pri:0, instance:com.cjc.dws.test.Tests@43ee72e6]" name="cookies" is-config="true" duration-ms="1" started-at="2021-04-27T10:45:37Z" finished-at="2021-04-27T10:45:37Z">
          <reporter-output>
          </reporter-output>
        </test-method> <!-- cookies -->
        <test-method status="PASS" signature="shopcart()[pri:-1, instance:com.cjc.dws.test.Tests@43ee72e6]" name="shopcart" duration-ms="4740" started-at="2021-04-27T10:45:37Z" finished-at="2021-04-27T10:45:41Z">
          <reporter-output>
          </reporter-output>
        </test-method> <!-- shopcart -->
        <test-method status="PASS" signature="cookies()[pri:0, instance:com.cjc.dws.test.Tests@43ee72e6]" name="cookies" is-config="true" duration-ms="1" started-at="2021-04-27T10:45:41Z" finished-at="2021-04-27T10:45:41Z">
          <reporter-output>
          </reporter-output>
        </test-method> <!-- cookies -->
        <test-method status="PASS" signature="paymentGateway()[pri:1, instance:com.cjc.dws.test.Tests@43ee72e6]" name="paymentGateway" duration-ms="22572" started-at="2021-04-27T10:45:41Z" finished-at="2021-04-27T10:46:04Z">
          <reporter-output>
          </reporter-output>
        </test-method> <!-- paymentGateway -->
      </class> <!-- com.cjc.dws.test.Tests -->
    </test> <!-- Default test -->
  </suite> <!-- Default suite -->
</testng-results>
